c:\users\s-fum\onedrive\デスクトップ\自作エンジンいじる用\directxtex\bin\desktop_2019_win10\x64\release\directxtex.pch
c:\users\s-fum\onedrive\デスクトップ\自作エンジンいじる用\directxtex\bin\desktop_2019_win10\x64\release\directxtex.pdb
c:\users\s-fum\onedrive\デスクトップ\自作エンジンいじる用\directxtex\bin\desktop_2019_win10\x64\release\directxtexutil.obj
c:\users\s-fum\onedrive\デスクトップ\自作エンジンいじる用\directxtex\bin\desktop_2019_win10\x64\release\directxtexwic.obj
c:\users\s-fum\onedrive\デスクトップ\自作エンジンいじる用\directxtex\bin\desktop_2019_win10\x64\release\directxtextga.obj
c:\users\s-fum\onedrive\デスクトップ\自作エンジンいじる用\directxtex\bin\desktop_2019_win10\x64\release\directxtexresize.obj
c:\users\s-fum\onedrive\デスクトップ\自作エンジンいじる用\directxtex\bin\desktop_2019_win10\x64\release\directxtexpmalpha.obj
c:\users\s-fum\onedrive\デスクトップ\自作エンジンいじる用\directxtex\bin\desktop_2019_win10\x64\release\directxtexnormalmaps.obj
c:\users\s-fum\onedrive\デスクトップ\自作エンジンいじる用\directxtex\bin\desktop_2019_win10\x64\release\directxtexmisc.obj
c:\users\s-fum\onedrive\デスクトップ\自作エンジンいじる用\directxtex\bin\desktop_2019_win10\x64\release\directxtexmipmaps.obj
c:\users\s-fum\onedrive\デスクトップ\自作エンジンいじる用\directxtex\bin\desktop_2019_win10\x64\release\directxteximage.obj
c:\users\s-fum\onedrive\デスクトップ\自作エンジンいじる用\directxtex\bin\desktop_2019_win10\x64\release\directxtexhdr.obj
c:\users\s-fum\onedrive\デスクトップ\自作エンジンいじる用\directxtex\bin\desktop_2019_win10\x64\release\directxtexfliprotate.obj
c:\users\s-fum\onedrive\デスクトップ\自作エンジンいじる用\directxtex\bin\desktop_2019_win10\x64\release\directxtexdds.obj
c:\users\s-fum\onedrive\デスクトップ\自作エンジンいじる用\directxtex\bin\desktop_2019_win10\x64\release\directxtexd3d12.obj
c:\users\s-fum\onedrive\デスクトップ\自作エンジンいじる用\directxtex\bin\desktop_2019_win10\x64\release\directxtexd3d11.obj
c:\users\s-fum\onedrive\デスクトップ\自作エンジンいじる用\directxtex\bin\desktop_2019_win10\x64\release\directxtexconvert.obj
c:\users\s-fum\onedrive\デスクトップ\自作エンジンいじる用\directxtex\bin\desktop_2019_win10\x64\release\directxtexcompressgpu.obj
c:\users\s-fum\onedrive\デスクトップ\自作エンジンいじる用\directxtex\bin\desktop_2019_win10\x64\release\directxtexcompress.obj
c:\users\s-fum\onedrive\デスクトップ\自作エンジンいじる用\directxtex\bin\desktop_2019_win10\x64\release\bcdirectcompute.obj
c:\users\s-fum\onedrive\デスクトップ\自作エンジンいじる用\directxtex\bin\desktop_2019_win10\x64\release\bc6hbc7.obj
c:\users\s-fum\onedrive\デスクトップ\自作エンジンいじる用\directxtex\bin\desktop_2019_win10\x64\release\bc4bc5.obj
c:\users\s-fum\onedrive\デスクトップ\自作エンジンいじる用\directxtex\bin\desktop_2019_win10\x64\release\bc.obj
c:\users\s-fum\onedrive\デスクトップ\fumaengineいじる用2\directxtex\bin\desktop_2019_win10\x64\release\directxtex.pch
c:\users\s-fum\onedrive\デスクトップ\fumaengineいじる用2\directxtex\bin\desktop_2019_win10\x64\release\directxtex.pdb
c:\users\s-fum\onedrive\デスクトップ\fumaengineいじる用2\directxtex\bin\desktop_2019_win10\x64\release\directxtexutil.obj
c:\users\s-fum\onedrive\デスクトップ\fumaengineいじる用2\directxtex\bin\desktop_2019_win10\x64\release\directxtexwic.obj
c:\users\s-fum\onedrive\デスクトップ\fumaengineいじる用2\directxtex\bin\desktop_2019_win10\x64\release\directxtextga.obj
c:\users\s-fum\onedrive\デスクトップ\fumaengineいじる用2\directxtex\bin\desktop_2019_win10\x64\release\directxtexresize.obj
c:\users\s-fum\onedrive\デスクトップ\fumaengineいじる用2\directxtex\bin\desktop_2019_win10\x64\release\directxtexpmalpha.obj
c:\users\s-fum\onedrive\デスクトップ\fumaengineいじる用2\directxtex\bin\desktop_2019_win10\x64\release\directxtexnormalmaps.obj
c:\users\s-fum\onedrive\デスクトップ\fumaengineいじる用2\directxtex\bin\desktop_2019_win10\x64\release\directxtexmisc.obj
c:\users\s-fum\onedrive\デスクトップ\fumaengineいじる用2\directxtex\bin\desktop_2019_win10\x64\release\directxtexmipmaps.obj
c:\users\s-fum\onedrive\デスクトップ\fumaengineいじる用2\directxtex\bin\desktop_2019_win10\x64\release\directxteximage.obj
c:\users\s-fum\onedrive\デスクトップ\fumaengineいじる用2\directxtex\bin\desktop_2019_win10\x64\release\directxtexhdr.obj
c:\users\s-fum\onedrive\デスクトップ\fumaengineいじる用2\directxtex\bin\desktop_2019_win10\x64\release\directxtexfliprotate.obj
c:\users\s-fum\onedrive\デスクトップ\fumaengineいじる用2\directxtex\bin\desktop_2019_win10\x64\release\directxtexdds.obj
c:\users\s-fum\onedrive\デスクトップ\fumaengineいじる用2\directxtex\bin\desktop_2019_win10\x64\release\directxtexd3d12.obj
c:\users\s-fum\onedrive\デスクトップ\fumaengineいじる用2\directxtex\bin\desktop_2019_win10\x64\release\directxtexd3d11.obj
c:\users\s-fum\onedrive\デスクトップ\fumaengineいじる用2\directxtex\bin\desktop_2019_win10\x64\release\directxtexconvert.obj
c:\users\s-fum\onedrive\デスクトップ\fumaengineいじる用2\directxtex\bin\desktop_2019_win10\x64\release\directxtexcompressgpu.obj
c:\users\s-fum\onedrive\デスクトップ\fumaengineいじる用2\directxtex\bin\desktop_2019_win10\x64\release\directxtexcompress.obj
c:\users\s-fum\onedrive\デスクトップ\fumaengineいじる用2\directxtex\bin\desktop_2019_win10\x64\release\bcdirectcompute.obj
c:\users\s-fum\onedrive\デスクトップ\fumaengineいじる用2\directxtex\bin\desktop_2019_win10\x64\release\bc6hbc7.obj
c:\users\s-fum\onedrive\デスクトップ\fumaengineいじる用2\directxtex\bin\desktop_2019_win10\x64\release\bc4bc5.obj
c:\users\s-fum\onedrive\デスクトップ\fumaengineいじる用2\directxtex\bin\desktop_2019_win10\x64\release\bc.obj
c:\users\s-fum\onedrive\デスクトップ\fumaengine\directxtex\bin\desktop_2019_win10\x64\release\directxtex.pch
c:\users\s-fum\onedrive\デスクトップ\fumaengine\directxtex\bin\desktop_2019_win10\x64\release\directxtex.pdb
c:\users\s-fum\onedrive\デスクトップ\fumaengine\directxtex\bin\desktop_2019_win10\x64\release\directxtexutil.obj
c:\users\s-fum\onedrive\デスクトップ\fumaengine\directxtex\bin\desktop_2019_win10\x64\release\directxtexwic.obj
c:\users\s-fum\onedrive\デスクトップ\fumaengine\directxtex\bin\desktop_2019_win10\x64\release\directxtextga.obj
c:\users\s-fum\onedrive\デスクトップ\fumaengine\directxtex\bin\desktop_2019_win10\x64\release\directxtexresize.obj
c:\users\s-fum\onedrive\デスクトップ\fumaengine\directxtex\bin\desktop_2019_win10\x64\release\directxtexpmalpha.obj
c:\users\s-fum\onedrive\デスクトップ\fumaengine\directxtex\bin\desktop_2019_win10\x64\release\directxtexnormalmaps.obj
c:\users\s-fum\onedrive\デスクトップ\fumaengine\directxtex\bin\desktop_2019_win10\x64\release\directxtexmisc.obj
c:\users\s-fum\onedrive\デスクトップ\fumaengine\directxtex\bin\desktop_2019_win10\x64\release\directxtexmipmaps.obj
c:\users\s-fum\onedrive\デスクトップ\fumaengine\directxtex\bin\desktop_2019_win10\x64\release\directxteximage.obj
c:\users\s-fum\onedrive\デスクトップ\fumaengine\directxtex\bin\desktop_2019_win10\x64\release\directxtexhdr.obj
c:\users\s-fum\onedrive\デスクトップ\fumaengine\directxtex\bin\desktop_2019_win10\x64\release\directxtexfliprotate.obj
c:\users\s-fum\onedrive\デスクトップ\fumaengine\directxtex\bin\desktop_2019_win10\x64\release\directxtexdds.obj
c:\users\s-fum\onedrive\デスクトップ\fumaengine\directxtex\bin\desktop_2019_win10\x64\release\directxtexd3d12.obj
c:\users\s-fum\onedrive\デスクトップ\fumaengine\directxtex\bin\desktop_2019_win10\x64\release\directxtexd3d11.obj
c:\users\s-fum\onedrive\デスクトップ\fumaengine\directxtex\bin\desktop_2019_win10\x64\release\directxtexconvert.obj
c:\users\s-fum\onedrive\デスクトップ\fumaengine\directxtex\bin\desktop_2019_win10\x64\release\directxtexcompressgpu.obj
c:\users\s-fum\onedrive\デスクトップ\fumaengine\directxtex\bin\desktop_2019_win10\x64\release\directxtexcompress.obj
c:\users\s-fum\onedrive\デスクトップ\fumaengine\directxtex\bin\desktop_2019_win10\x64\release\bcdirectcompute.obj
c:\users\s-fum\onedrive\デスクトップ\fumaengine\directxtex\bin\desktop_2019_win10\x64\release\bc6hbc7.obj
c:\users\s-fum\onedrive\デスクトップ\fumaengine\directxtex\bin\desktop_2019_win10\x64\release\bc4bc5.obj
c:\users\s-fum\onedrive\デスクトップ\fumaengine\directxtex\bin\desktop_2019_win10\x64\release\bc.obj
c:\users\s-fum\onedrive\デスクトップ\自作エンジンいじる用\directxtex\bin\desktop_2019_win10\x64\release\directxtex.lib
c:\users\s-fum\onedrive\デスクトップ\fumaengineいじる用2\directxtex\bin\desktop_2019_win10\x64\release\directxtex.lib
c:\users\s-fum\onedrive\デスクトップ\fumaengine\directxtex\bin\desktop_2019_win10\x64\release\directxtex.lib
c:\users\s-fum\onedrive\デスクトップ\fumaengine\directxtex\bin\desktop_2019_win10\x64\release\directxtex.tlog\cl.command.1.tlog
c:\users\s-fum\onedrive\デスクトップ\fumaengine\directxtex\bin\desktop_2019_win10\x64\release\directxtex.tlog\cl.read.1.tlog
c:\users\s-fum\onedrive\デスクトップ\fumaengine\directxtex\bin\desktop_2019_win10\x64\release\directxtex.tlog\cl.write.1.tlog
c:\users\s-fum\onedrive\デスクトップ\fumaengine\directxtex\bin\desktop_2019_win10\x64\release\directxtex.tlog\lib-link.read.1.tlog
c:\users\s-fum\onedrive\デスクトップ\fumaengine\directxtex\bin\desktop_2019_win10\x64\release\directxtex.tlog\lib-link.write.1.tlog
c:\users\s-fum\onedrive\デスクトップ\fumaengine\directxtex\bin\desktop_2019_win10\x64\release\directxtex.tlog\lib.command.1.tlog
